Imperial city found at (50,22)
set_regions: named 57 land regions, 19 water regions
set_province_clumps: named 80 areas
Unnamed areas

1,0	m	100 unnamed
3,5	p	11 unnamed
3,15	f	8 unnamed
3,31	m	25 unnamed
3,69	p	41 unnamed
4,6	f	3 unnamed
4,70	m	10 unnamed
5,14	m	12 unnamed
6,47	p	27 unnamed
6,79	p	6 unnamed
6,85	p	1 unnamed
6,89	p	1 unnamed
7,2	p	21 unnamed
7,56	p	2 unnamed
7,58	m	3 unnamed
7,87	p	1 unnamed
7,92	p	1 unnamed
7,93	s	6 unnamed
8,27	s	1 unnamed
8,47	d	11 unnamed
8,90	p	1 unnamed
9,4	f	6 unnamed
9,79	p	1 unnamed
9,83	p	1 unnamed
9,87	p	1 unnamed
11,38	f	8 unnamed
11,41	m	1 unnamed
12,66	p	18 unnamed
12,77	f	23 unnamed
12,79	p	1 unnamed
12,86	p	4 unnamed
12,88	f	22 unnamed
12,94	f	24 unnamed
13,12	m	5 unnamed
13,37	m	1 unnamed
13,38	p	3 unnamed
13,55	p	8 unnamed
13,67	m	4 unnamed
13,77	p	1 unnamed
14,45	m	3 unnamed
14,79	p	1 unnamed
14,93	p	8 unnamed
14,95	m	8 unnamed
16,80	p	1 unnamed
17,45	p	27 unnamed
17,66	m	3 unnamed
17,82	s	6 unnamed
19,72	m	19 unnamed
19,87	s	3 unnamed
22,21	f	1 unnamed
22,86	m	4 unnamed
23,18	f	1 unnamed
23,40	f	141 unnamed
23,85	f	7 unnamed
24,41	p	1 unnamed
24,85	p	16 unnamed
25,47	p	1 unnamed
26,39	p	1 unnamed
26,41	s	1 unnamed
26,45	s	1 unnamed
26,52	s	1 unnamed
26,88	f	7 unnamed
27,48	s	1 unnamed
27,55	p	1 unnamed
27,71	d	12 unnamed
27,91	m	4 unnamed
28,39	p	1 unnamed
28,42	p	1 unnamed
28,52	p	1 unnamed
28,61	s	10 unnamed
29,39	s	1 unnamed
29,43	s	1 unnamed
29,46	p	1 unnamed
29,53	s	1 unnamed
29,89	p	8 unnamed
31,5	p	20 unnamed
31,47	s	1 unnamed
31,82	f	1 unnamed
32,6	m	6 unnamed
32,90	p	1 unnamed
33,21	f	12 unnamed
33,24	m	10 unnamed
33,57	%	20 unnamed
33,64	f	16 unnamed
33,81	f	1 unnamed
34,23	d	6 unnamed
34,84	s	1 unnamed
35,45	f	6 unnamed
35,80	f	13 unnamed
36,35	m	1 unnamed
36,93	p	1 unnamed
37,90	s	1 unnamed
38,12	f	1 unnamed
38,16	p	1 unnamed
39,36	p	1 unnamed
39,70	p	27 unnamed
39,90	p	11 unnamed
40,12	p	1 unnamed
40,15	f	1 unnamed
40,53	%	30 unnamed
40,66	s	1 unnamed
40,75	f	20 unnamed
41,33	s	6 unnamed
41,86	f	15 unnamed
41,92	m	6 unnamed
42,51	f	1 unnamed
42,61	s	1 unnamed
43,54	f	1 unnamed
43,66	s	1 unnamed
44,51	s	3 unnamed
44,69	m	9 unnamed
44,93	m	10 unnamed
45,54	m	22 unnamed
45,89	f	11 unnamed
46,32	p	1 unnamed
47,7	s	1 unnamed
47,29	p	1 unnamed
47,34	p	1 unnamed
47,92	s	8 unnamed
48,27	p	1 unnamed
49,3	p	4 unnamed
49,14	f	1 unnamed
49,31	p	1 unnamed
49,61	m	18 unnamed
49,64	p	9 unnamed
50,22	*	1 unnamed
51,6	s	1 unnamed
52,20	f	44 unnamed
52,72	f	1 unnamed
53,8	s	1 unnamed
53,69	f	1 unnamed
54,73	f	1 unnamed
55,4	s	1 unnamed
55,20	m	9 unnamed
56,66	m	22 unnamed
56,92	p	1 unnamed
57,52	m	36 unnamed
57,86	p	1 unnamed
57,89	p	1 unnamed
58,70	d	13 unnamed
59,58	f	49 unnamed
59,87	s	2 unnamed
61,21	p	9 unnamed
61,24	f	20 unnamed
61,94	%	50 unnamed
62,34	s	10 unnamed
62,54	m	12 unnamed
63,34	f	4 unnamed
63,83	m	31 unnamed
64,95	f	31 unnamed
68,22	s	1 unnamed
69,19	f	1 unnamed
69,33	%	27 unnamed
69,38	f	1 unnamed
70,28	s	15 unnamed
70,34	f	1 unnamed
70,85	s	8 unnamed
71,4	f	28 unnamed
71,15	s	2 unnamed
71,18	m	13 unnamed
71,36	m	9 unnamed
71,39	f	14 unnamed
71,61	p	18 unnamed
71,65	m	24 unnamed
72,5	m	8 unnamed
72,14	p	1 unnamed
72,31	f	1 unnamed
72,32	s	1 unnamed
73,47	d	20 unnamed
73,66	f	11 unnamed
73,96	p	6 unnamed
74,22	p	1 unnamed
74,31	d	16 unnamed
74,56	s	12 unnamed
74,83	p	20 unnamed
74,85	s	1 unnamed
75,18	s	1 unnamed
75,25	p	1 unnamed
75,48	m	4 unnamed
75,79	f	1 unnamed
75,84	f	1 unnamed
76,20	p	1 unnamed
76,81	f	1 unnamed
76,84	s	1 unnamed
77,83	f	1 unnamed
78,7	p	11 unnamed
78,33	d	5 unnamed
78,72	f	1 unnamed
79,15	p	20 unnamed
79,23	p	13 unnamed
79,32	m	7 unnamed
79,60	m	10 unnamed
79,63	f	4 unnamed
79,74	f	1 unnamed
79,75	s	1 unnamed
79,79	f	1 unnamed
79,80	s	2 unnamed
80,2	m	6 unnamed
80,32	f	13 unnamed
80,44	p	1 unnamed
80,45	f	20 unnamed
80,47	p	1 unnamed
80,48	f	2 unnamed
80,50	p	1 unnamed
80,51	f	17 unnamed
80,71	s	1 unnamed
80,72	f	1 unnamed
80,77	f	1 unnamed
81,8	m	8 unnamed
81,54	p	1 unnamed
81,74	f	1 unnamed
81,78	s	1 unnamed
81,92	m	28 unnamed
82,2	f	13 unnamed
82,25	s	6 unnamed
82,33	s	4 unnamed
82,44	p	1 unnamed
82,47	p	8 unnamed
82,56	p	1 unnamed
83,10	s	7 unnamed
83,17	s	7 unnamed
83,42	p	1 unnamed
83,54	p	1 unnamed
83,63	m	29 unnamed
83,68	p	1 unnamed
83,94	f	19 unnamed
84,35	m	20 unnamed
84,53	s	12 unnamed
84,71	m	5 unnamed
85,3	s	7 unnamed
85,36	p	5 unnamed
85,50	p	1 unnamed
85,67	p	1 unnamed
86,24	s	5 unnamed
86,47	p	1 unnamed
86,57	f	12 unnamed
86,65	p	1 unnamed
87,23	f	11 unnamed
87,27	p	8 unnamed
87,71	p	4 unnamed
87,78	p	23 unnamed
88,84	m	23 unnamed
89,11	p	12 unnamed
89,40	s	10 unnamed
89,61	f	1 unnamed
89,64	f	1 unnamed
90,1	d	16 unnamed
90,9	f	22 unnamed
90,70	f	3 unnamed
91,3	m	4 unnamed
91,33	p	1 unnamed
91,55	f	1 unnamed
91,61	f	1 unnamed
91,68	f	5 unnamed
92,19	f	10 unnamed
92,55	d	14 unnamed
92,58	f	2 unnamed
92,65	f	1 unnamed
93,21	m	4 unnamed
98,0	m	100 unnamed


Continental gate tour:
	(80,45) -> (52,20)
	(54,20) -> (76,93)
	(74,94) -> (69,17)
	(70,16) -> ( 8,56)
	( 8,57) -> (90,82)
	(90,84) -> (80,35)
	(81,37) -> (81,16)
	(81,17) -> (44,71)
	(43,70) -> (12, 4)
	(11, 4) -> (42,93)
	(40,92) -> ( 4,64)
	( 6,64) -> (59,58)
	(59,57) -> (77,81)
	(75,81) -> (62,26)
	(62,24) -> (84,83)
	(83,83) -> (27, 9)
	(27,11) -> (26,92)
	(26,93) -> (13,40)
	(12,39) -> (80,61)
	(80,59) -> (93, 5)
	(94, 4) -> (93,65)
	(91,63) -> (64,34)
	(63,33) -> (79,23)
	(81,24) -> (95,23)
	(95,24) -> (37,49)
	(38,48) -> (93,37)
	(94,37) -> (43,29)
	(41,28) -> (61, 8)
	(61, 7) -> ( 5,32)
	( 5,34) -> ( 8,87)
	( 8,85) -> (27,37)
	(28,35) -> (76, 9)
	(78, 7) -> (41, 5)
	(43, 6) -> (16,89)
	(14,88) -> (13,68)
	(13,67) -> (86,26)
	(88,26) -> (34,58)
	(33,60) -> (13,33)
	(13,32) -> (10,14)
	( 9,13) -> (89,13)
	(91,13) -> (33,22)
	(35,21) -> ( 4, 9)
	( 3, 9) -> (20,96)
	(18,95) -> (24,70)
	(25,71) -> (48,91)
	(46,90) -> (79,79)
	(79,80) -> (14,78)
	(13,76) -> (77,48)
	(77,50) -> (10,47)
	( 9,45) -> (85, 3)
	(84, 5) -> (51,12)
	(49,13) -> (34, 7)
	(35, 5) -> (35,80)
	(35,82) -> (69,78)
	(71,77) -> (81,47)


Ring of stones:
	(89,78) in South Idar
	(91,57) in Pesbrand
	( 9, 3) in Antresk
	( 7,57) in Isle of Celenth
	(51,66) in Ossicus
	(91, 1) in Rhovanth
	(43, 7) in Ormos
	(88,26) in Kircarth
	(77,84) in Ferenth
	(85, 6) in Pallia
	(11,37) in Ceria
	(18,89) in Stybor
	(72,35) in Krussos
	(66, 6) in West Ilion
	(73, 4) in Allasus Island
	(86,40) in Pentaria
	(40,91) in Areth Pirn
	(58,57) in Tollus
	(94,19) in Moldarth
	(33, 6) in Isle of Deddou
	( 6,27) in Merinth
	(63,26) in Ilion
	(53,31) in Provinia
	(24,22) in West Camaris
	(76,50) in Cnossa
	(81,48) in Hothras
	(15,82) in Alleras Island

secret sea route at (1,0)
secret sea route at (1,20)
secret sea route at (1,21)
secret sea route at (1,25)
secret sea route at (1,28)
secret sea route at (1,30)
secret sea route at (1,46)
secret sea route at (1,47)
secret sea route at (1,51)
secret sea route at (1,66)
secret sea route at (3,32)
secret sea route at (5,41)
secret sea route at (6,26)
secret sea route at (7,17)
secret sea route at (9,25)
secret sea route at (14,46)
secret sea route at (16,9)
secret sea route at (19,73)
secret sea route at (22,75)
secret sea route at (25,5)
secret sea route at (27,94)
secret sea route at (34,27)
secret sea route at (34,47)
secret sea route at (35,44)
secret sea route at (37,11)
secret sea route at (43,29)
secret sea route at (44,94)
secret sea route at (45,71)
secret sea route at (46,37)
secret sea route at (48,42)
secret sea route at (51,27)
secret sea route at (52,17)
secret sea route at (52,28)
secret sea route at (53,29)
secret sea route at (56,66)
secret sea route at (57,54)
secret sea route at (57,69)
secret sea route at (58,51)
secret sea route at (58,62)
secret sea route at (60,25)
secret sea route at (62,91)
secret sea route at (63,95)
secret sea route at (71,71)
secret sea route at (75,9)
secret sea route at (75,64)
secret sea route at (79,38)
secret sea route at (79,62)
secret sea route at (80,59)
secret sea route at (81,62)
secret sea route at (84,36)
secret sea route at (84,37)
secret sea route at (86,34)
secret sea route at (98,7)
secret sea route at (98,11)
secret sea route at (98,13)
secret sea route at (98,21)
secret sea route at (98,25)
secret sea route at (98,30)
secret sea route at (98,31)
secret sea route at (98,33)
secret sea route at (98,61)
secret sea route at (98,70)
secret sea route at (98,77)
secret sea route at (98,93)
secret sea route at (98,99)

Land regions:

name                          coord  nprovs  ncities  gates (out/in)
----                          -----  ------  -------  --------------
Provinia                    (44,17)     413       31  11/20
West Camaris                (13,12)     465       24  20/37
South Camaris               (23,40)     157        9  4/9
East Camaris                (13,55)     356       24  10/16
Krussos                     (68,18)     188       12  11/15
Ossicus                     (39,68)     493       38  23/26
Tollus                      (57,52)     237       17  15/11
Rimmon                      (61,94)     295       19  9/16
Torba Bacor                 (29,84)     120        9  2/1
West Ilion                   (60,7)      73        4  11/7
Ilion                       (60,19)      56        7  9/3
Atnos                       (52,20)      54        3  2/8
Drucartan                   (34,34)     181       13  5/11
Merinth                      (3,31)      69        3  9/7
South Idar                  (87,78)      80        6  9/5
North Idar                  (81,89)      86        6  1/4
Impassable Mountains          (1,0)     100        6  0/0
Impassable Mountains         (98,0)     100        8  0/0
Broen Rock                  (33,21)      28        0  1/1
Pesbrand                    (83,63)     187       15  13/12
Pentaria                    (84,35)     105        3  10/9
Hothras                     (80,44)      90        9  10/5
Caburh                       (6,77)      68        4  2/4
Areth Pirn                  (39,90)      32        1  9/2
Areth Lorbin                (44,93)      29        1  1/3
Cragstan                     (3,69)      51        2  1/1
Averni Island                 (3,5)      14        3  1/1
Aerondor                     (3,15)      36        4  3/3
Aurnos                       (6,47)      38        1  3/3
Isle of Celenth              (6,55)      17        0  8/2
Antresk                       (7,2)      27        1  8/2
Ceria                       (11,37)      15        1  8/8
Charrick Island             (12,29)      13        1  1/1
Ceonak                      (12,66)      22        3  1/4
Alleras Island              (12,77)      33        3  8/4
Stybor                      (12,86)      29        1  9/6
Ustana Island               (12,94)      40        4  4/4
Atala                       (22,86)      38        3  2/3
Isle of Deddou               (31,5)      26        4  8/3
Nallos                      (33,57)      54        4  1/3
Noren                       (34,44)      20        2  1/2
Ormos                        (41,5)      13        1  9/8
Chardia                     (62,34)      14        1  1/1
Allasus Island               (71,4)      62        4  9/4
Zercia                      (72,93)      30        2  2/1
Cnossa                      (73,47)      24        2  8/4
Ferenth                     (74,83)      26        0  8/3
Castay Island               (78,33)      29        2  1/1
Pyrellica                   (78,71)      38        2  1/2
Ollayos                     (79,15)      27        4  1/2
Gravecarn                   (79,23)      19        0  1/3
Bayarth                     (79,60)      14        0  2/1
Pallia                       (80,2)      26        1  8/5
Kircarth                    (86,24)      24        1  10/4
Cyllenedos                  (87,13)      51        4  1/3
Rhovanth                     (90,1)      20        1  9/5
Moldarth                    (91,18)      40        1  8/2


Oceans:

name                          coord  nprovs  ncities  gates (out/in)
----                          -----  ------  -------  --------------
North Sea                     (2,0)     431        0  11/13
North Bay                   (14,48)       9        0  0/0
Camaris Sea                  (12,0)     842        0  22/25
Straights of Camaris        (17,39)      79        0  1/2
South Sea                   (69,40)    1063        0  19/22
Gulf of Carim               (43,79)      88        0  3/3
Tymaerian Sea               (53,53)     195        0  7/7
Atnos Sea                   (57,33)     279        0  9/10
Osgean Sea                  (34,35)     362        0  20/21
Crystal Bay                 (34,17)      54        0  1/1
Balatean Sea                 (34,0)     280        0  6/6
Balatean Sea                (34,70)     399        0  11/11
Merinth Sound                (6,32)      18        0  0/0
Straights of Idar           (86,80)      18        0  0/0
Aedras Sea                   (72,0)     245        0  7/7
Echaliatic Sea               (2,69)     225        0  7/7
Cragstan Bay                 (3,66)       5        0  0/0
Kichean Sea                 (72,71)     162        0  4/4
Atnos Channel               (51,19)      54        0  1/2


76 continents
4992 land locs
4808 water locs

subloc counts:
  3468 locs have 0 islands (72%)
  1112 locs have 1 island  (23%)
   195 locs have 2 islands (4%)
    32 locs have 3 islands (0%)
     1 loc has 4 islands (0%)

subloc coverage:
  1879 locs have 0 sublocs (37%)
  2171 locs have 1 subloc  (43%)
   834 locs have 2 sublocs (16%)
   102 locs have 3 sublocs (2%)
     6 locs have 4 sublocs (0%)
land                           0
ocean                          4808
forest                         1880
swamp                          288
mountain                       1239
plain                          1356
desert                         229
water                          0
island                         1602
ring of stones                 27
mallorn grove                  128
bog                            98
cave                           254
city                           335
guild                          0
graveyard                      474
ruins                          622
field                          0
enchanted forest               291
rocky hill                     197
circle of trees                278
pits                           97
pasture                        171
oasis                          52
yew grove                      485
sand pit                       55
sacred grove                   202
poppy field                    190
temple                         0
lair                           213

highest province = 19899
gate_counter = 42707
subloc_counter = 42707
road_counter = 42707

